<?xml version="1.0" encoding="UTF-8"?>
<testng-results skipped="0" failed="0" total="2" passed="2">
  <reporter-output>
  </reporter-output>
  <suite name="test.com.LoginPageTest" duration-ms="22" started-at="2019-03-02T21:58:39Z" finished-at="2019-03-02T21:58:39Z">
    <groups>
    </groups>
    <test name="Command line test" duration-ms="22" started-at="2019-03-02T21:58:39Z" finished-at="2019-03-02T21:58:39Z">
      <class name="test.com.LoginPageTest">
        <test-method status="PASS" signature="setUpClass()[pri:0, instance:test.com.LoginPageTest@3cb5cdba]" name="setUpClass" is-config="true" duration-ms="11" started-at="2019-03-02T15:58:39Z" finished-at="2019-03-02T15:58:39Z">
          <reporter-output>
          </reporter-output>
        </test-method> <!-- setUpClass -->
        <test-method status="PASS" signature="setUpMethod()[pri:0, instance:test.com.LoginPageTest@3cb5cdba]" name="setUpMethod" is-config="true" duration-ms="2" started-at="2019-03-02T15:58:39Z" finished-at="2019-03-02T15:58:39Z">
          <reporter-output>
          </reporter-output>
        </test-method> <!-- setUpMethod -->
        <test-method status="PASS" signature="testPassword()[pri:0, instance:test.com.LoginPageTest@3cb5cdba]" name="testPassword" duration-ms="2" started-at="2019-03-02T15:58:39Z" finished-at="2019-03-02T15:58:39Z">
          <reporter-output>
          </reporter-output>
        </test-method> <!-- testPassword -->
        <test-method status="PASS" signature="tearDownMethod()[pri:0, instance:test.com.LoginPageTest@3cb5cdba]" name="tearDownMethod" is-config="true" duration-ms="1" started-at="2019-03-02T15:58:39Z" finished-at="2019-03-02T15:58:39Z">
          <reporter-output>
          </reporter-output>
        </test-method> <!-- tearDownMethod -->
        <test-method status="PASS" signature="testUsername()[pri:0, instance:test.com.LoginPageTest@3cb5cdba]" name="testUsername" duration-ms="0" started-at="2019-03-02T15:58:39Z" finished-at="2019-03-02T15:58:39Z">
          <reporter-output>
          </reporter-output>
        </test-method> <!-- testUsername -->
        <test-method status="PASS" signature="tearDownMethod()[pri:0, instance:test.com.LoginPageTest@3cb5cdba]" name="tearDownMethod" is-config="true" duration-ms="0" started-at="2019-03-02T15:58:39Z" finished-at="2019-03-02T15:58:39Z">
          <reporter-output>
          </reporter-output>
        </test-method> <!-- tearDownMethod -->
        <test-method status="PASS" signature="setUpMethod()[pri:0, instance:test.com.LoginPageTest@3cb5cdba]" name="setUpMethod" is-config="true" duration-ms="0" started-at="2019-03-02T15:58:39Z" finished-at="2019-03-02T15:58:39Z">
          <reporter-output>
          </reporter-output>
        </test-method> <!-- setUpMethod -->
        <test-method status="PASS" signature="tearDownClass()[pri:0, instance:test.com.LoginPageTest@3cb5cdba]" name="tearDownClass" is-config="true" duration-ms="0" started-at="2019-03-02T15:58:39Z" finished-at="2019-03-02T15:58:39Z">
          <reporter-output>
          </reporter-output>
        </test-method> <!-- tearDownClass -->
      </class> <!-- test.com.LoginPageTest -->
    </test> <!-- Command line test -->
  </suite> <!-- test.com.LoginPageTest -->
</testng-results>
